Using pre-set license
Built from '2020.3/staging' branch; Version is '2020.3.16f1 (049d6eca3c44) revision 302446'; Using compiler version '192528614'; Build Type 'Release'
OS: 'Windows 8.1  (6.3.0) 64bit' Language: 'tr' Physical Memory: 7989 MB
BatchMode: 1, IsHumanControllingUs: 0, StartBugReporterOnCrash: 0, Is64bit: 1, IsPro: 0

 COMMAND LINE ARGUMENTS:
E:\Unity\Editor\Unity.exe
-adb2
-batchMode
-noUpm
-name
AssetImportWorker0
-projectPath
E:/GitHub/Unity-Projects/Ekilem
-logFile
Logs/AssetImportWorker0.log
-srvPort
53412
Successfully changed project path to: E:/GitHub/Unity-Projects/Ekilem
E:/GitHub/Unity-Projects/Ekilem
Using Asset Import Pipeline V2.
Refreshing native plugins compatible for Editor in 314.68 ms, found 2 plugins.
Preloading 0 native plugins for Editor in 0.00 ms.
Initialize engine version: 2020.3.16f1 (049d6eca3c44)
[Subsystems] Discovering subsystems at path E:/Unity/Editor/Data/Resources/UnitySubsystems
[Subsystems] Discovering subsystems at path E:/GitHub/Unity-Projects/Ekilem/Assets
GfxDevice: creating device client; threaded=0
d3d11: QueryInterface(IDXGIFactory5) failed (80004002).
Direct3D:
    Version:  Direct3D 11.0 [level 11.0]
    Renderer: AMD Mobility Radeon HD 5000 Series (ID=0x68c1)
    Vendor:   
    VRAM:     1013 MB
    Driver:   14.100.0.0
Initialize mono
Mono path[0] = 'E:/Unity/Editor/Data/Managed'
Mono path[1] = 'E:/Unity/Editor/Data/MonoBleedingEdge/lib/mono/unityjit'
Mono config path = 'E:/Unity/Editor/Data/MonoBleedingEdge/etc'
Using monoOptions --debugger-agent=transport=dt_socket,embedding=1,server=y,suspend=n,address=127.0.0.1:56752
Begin MonoManager ReloadAssembly
Registering precompiled unity dll's ...
Register platform support module: E:/Unity/Editor/Data/PlaybackEngines/WebGLSupport/UnityEditor.WebGL.Extensions.dll
Register platform support module: E:/Unity/Editor/Data/PlaybackEngines/WindowsStandaloneSupport/UnityEditor.WindowsStandalone.Extensions.dll
Registered in 0.001593 seconds.
Native extension for WindowsStandalone target not found
Native extension for WebGL target not found
Refreshing native plugins compatible for Editor in 107.81 ms, found 2 plugins.
Preloading 0 native plugins for Editor in 0.00 ms.
Mono: successfully reloaded assembly
- Completed reload, in  3.217 seconds
Domain Reload Profiling:
	ReloadAssembly (3217ms)
		BeginReloadAssembly (278ms)
			ExecutionOrderSort (0ms)
			DisableScriptedObjects (0ms)
			BackupInstance (0ms)
			ReleaseScriptingObjects (0ms)
			CreateAndSetChildDomain (2ms)
		EndReloadAssembly (1273ms)
			LoadAssemblies (279ms)
			RebuildTransferFunctionScriptingTraits (0ms)
			SetupTypeCache (479ms)
			ReleaseScriptCaches (0ms)
			RebuildScriptCaches (72ms)
			SetupLoadedEditorAssemblies (590ms)
				LogAssemblyErrors (0ms)
				InitializePlatformSupportModulesInManaged (9ms)
				SetLoadedEditorAssemblies (0ms)
				RefreshPlugins (108ms)
				BeforeProcessingInitializeOnLoad (80ms)
				ProcessInitializeOnLoadAttributes (331ms)
				ProcessInitializeOnLoadMethodAttributes (60ms)
				AfterProcessingInitializeOnLoad (0ms)
				EditorAssembliesLoaded (0ms)
			ExecutionOrderSort2 (0ms)
			AwakeInstancesAfterBackupRestoration (0ms)
Platform modules already initialized, skipping
Registering precompiled user dll's ...
Registered in 0.005572 seconds.
Begin MonoManager ReloadAssembly
Native extension for WindowsStandalone target not found
Native extension for WebGL target not found
Refreshing native plugins compatible for Editor in 74.95 ms, found 2 plugins.
Preloading 0 native plugins for Editor in 0.00 ms.
Mono: successfully reloaded assembly
- Completed reload, in  2.985 seconds
Domain Reload Profiling:
	ReloadAssembly (2987ms)
		BeginReloadAssembly (384ms)
			ExecutionOrderSort (0ms)
			DisableScriptedObjects (12ms)
			BackupInstance (0ms)
			ReleaseScriptingObjects (0ms)
			CreateAndSetChildDomain (66ms)
		EndReloadAssembly (2433ms)
			LoadAssemblies (251ms)
			RebuildTransferFunctionScriptingTraits (0ms)
			SetupTypeCache (620ms)
			ReleaseScriptCaches (1ms)
			RebuildScriptCaches (102ms)
			SetupLoadedEditorAssemblies (1194ms)
				LogAssemblyErrors (0ms)
				InitializePlatformSupportModulesInManaged (8ms)
				SetLoadedEditorAssemblies (0ms)
				RefreshPlugins (75ms)
				BeforeProcessingInitializeOnLoad (151ms)
				ProcessInitializeOnLoadAttributes (941ms)
				ProcessInitializeOnLoadMethodAttributes (11ms)
				AfterProcessingInitializeOnLoad (6ms)
				EditorAssembliesLoaded (1ms)
			ExecutionOrderSort2 (0ms)
			AwakeInstancesAfterBackupRestoration (18ms)
Platform modules already initialized, skipping
========================================================================
Worker process is ready to serve import requests
Launched and connected shader compiler UnityShaderCompiler.exe after 0.07 seconds
Refreshing native plugins compatible for Editor in 1.20 ms, found 2 plugins.
Preloading 0 native plugins for Editor in 0.00 ms.
Unloading 1694 Unused Serialized files (Serialized files now loaded: 0)
System memory in use before: 76.4 MB.
System memory in use after: 76.5 MB.

Unloading 20 unused Assets to reduce memory usage. Loaded Objects now: 2129.
Total: 6.142893 ms (FindLiveObjects: 0.325681 ms CreateObjectMapping: 0.098936 ms MarkObjects: 5.537727 ms  DeleteObjects: 0.177084 ms)

AssetImportParameters requested are different than current active one (requested -> active):
  custom:framework-win-MediaFoundation: 216162199b28c13a410421893ffa2e32 -> 
  custom:video-decoder-ogg-theora: a1e56fd34408186e4bbccfd4996cb3dc -> 
  custom:container-muxer-webm: aa71ff27fc2769a1b78a27578f13a17b -> 
  custom:container-demuxer-webm: 4f35f7cbe854078d1ac9338744f61a02 -> 
  custom:container-demuxer-ogg: 62fdf1f143b41e24485cea50d1cbac27 -> 
  custom:video-encoder-webm-vp8: eb34c28f22e8b96e1ab97ce403110664 -> 
  custom:video-decoder-webm-vp8: 9c59270c3fd7afecdb556c50c9e8de78 -> 
  custom:audio-decoder-ogg-vorbis: bf7c407c2cedff20999df2af8eb42d56 -> 
  custom:audio-encoder-webm-vorbis: bf7c407c2cedff20999df2af8eb42d56 -> 
========================================================================
Received Import Request.
  path: Assets/Materials/DefaultPlayerMaterial.mat
  artifactKey: Guid(040c118774831f141a387f0cab9fd1aa) Importer(815301076,1909f56bfc062723c751e8b465ee728b)
Start importing Assets/Materials/DefaultPlayerMaterial.mat using Guid(040c118774831f141a387f0cab9fd1aa) Importer(815301076,1909f56bfc062723c751e8b465ee728b)  -> (artifact id: 'c246d94a7e4eccf18e0f3a4138790b94') in 0.271965 seconds 
  Import took 0.279537 seconds .

========================================================================
Received Import Request.
  Time since last request: 239.044097 seconds.
  path: Packages/com.unity.inputsystem/package.json
  artifactKey: Guid(f0e14ea80f96b445f97b1c83650d5733) Importer(815301076,1909f56bfc062723c751e8b465ee728b)
Start importing Packages/com.unity.inputsystem/package.json using Guid(f0e14ea80f96b445f97b1c83650d5733) Importer(815301076,1909f56bfc062723c751e8b465ee728b)  -> (artifact id: '095833d9631608fc9ff53d6304e83b23') in 0.026857 seconds 
  Import took 0.033458 seconds .

========================================================================
Received Import Request.
  Time since last request: 2.191121 seconds.
  path: Packages/com.unity.inputsystem/InputSystem
  artifactKey: Guid(7be622e2320c433e83fcfd2dbb7bd468) Importer(815301076,1909f56bfc062723c751e8b465ee728b)
Start importing Packages/com.unity.inputsystem/InputSystem using Guid(7be622e2320c433e83fcfd2dbb7bd468) Importer(815301076,1909f56bfc062723c751e8b465ee728b)  -> (artifact id: '8f2161e1f1973479f590b3481340f97e') in 0.001946 seconds 
  Import took 0.007587 seconds .

========================================================================
Received Import Request.
  Time since last request: 0.681697 seconds.
  path: Packages/com.unity.inputsystem/InputSystem/Unity.InputSystem.asmdef
  artifactKey: Guid(75469ad4d38634e559750d17036d5f7c) Importer(815301076,1909f56bfc062723c751e8b465ee728b)
Start importing Packages/com.unity.inputsystem/InputSystem/Unity.InputSystem.asmdef using Guid(75469ad4d38634e559750d17036d5f7c) Importer(815301076,1909f56bfc062723c751e8b465ee728b)  -> (artifact id: '0690c90bb05b631117402d898adfd6db') in 0.002863 seconds 
  Import took 0.007930 seconds .

========================================================================
Received Import Request.
  Time since last request: 17.284009 seconds.
  path: Assets/Scripts
  artifactKey: Guid(040f9251d40c9df4da7d60e8683e7005) Importer(815301076,1909f56bfc062723c751e8b465ee728b)
Start importing Assets/Scripts using Guid(040f9251d40c9df4da7d60e8683e7005) Importer(815301076,1909f56bfc062723c751e8b465ee728b)  -> (artifact id: '5edb306c37a49d4606f002d3a9789878') in 0.002021 seconds 
  Import took 0.008301 seconds .

========================================================================
Received Import Request.
  Time since last request: 7.371761 seconds.
  path: Assets/Scripts/Concretes
  artifactKey: Guid(905a404a7eb603149abc26caa062ee87) Importer(815301076,1909f56bfc062723c751e8b465ee728b)
Start importing Assets/Scripts/Concretes using Guid(905a404a7eb603149abc26caa062ee87) Importer(815301076,1909f56bfc062723c751e8b465ee728b)  -> (artifact id: '6147c578edd50b36af6973db9bb7deb6') in 0.002113 seconds 
  Import took 0.009830 seconds .

========================================================================
Received Import Request.
  Time since last request: 159.728100 seconds.
  path: Assets/Scripts/Concretes/Inputs
  artifactKey: Guid(d500c42b9d0f43441bd17d48d13bdb7c) Importer(815301076,1909f56bfc062723c751e8b465ee728b)
Start importing Assets/Scripts/Concretes/Inputs using Guid(d500c42b9d0f43441bd17d48d13bdb7c) Importer(815301076,1909f56bfc062723c751e8b465ee728b)  -> (artifact id: 'c087a4d413d739007fed3e36171f1f53') in 0.002036 seconds 
  Import took 0.008492 seconds .

========================================================================
Received Import Request.
  Time since last request: 34.656339 seconds.
  path: Assets/Scripts/Concretes/Inputs/DefaultAction.inputactions
  artifactKey: Guid(33799ffe9fed884429bfa69321f25799) Importer(815301076,1909f56bfc062723c751e8b465ee728b)
Start importing Assets/Scripts/Concretes/Inputs/DefaultAction.inputactions using Guid(33799ffe9fed884429bfa69321f25799) Importer(815301076,1909f56bfc062723c751e8b465ee728b)  -> (artifact id: '6a0f7e426f1b34650e4c79c5829c216e') in 0.010953 seconds 
  Import took 0.017928 seconds .

========================================================================
Received Import Request.
  Time since last request: 0.035446 seconds.
  path: Assets/Scripts/Concretes/Inputs/DefaultAction.inputactions
  artifactKey: Guid(33799ffe9fed884429bfa69321f25799) Importer(815301076,1909f56bfc062723c751e8b465ee728b)
Start importing Assets/Scripts/Concretes/Inputs/DefaultAction.inputactions using Guid(33799ffe9fed884429bfa69321f25799) Importer(815301076,1909f56bfc062723c751e8b465ee728b)  -> (artifact id: '6a0f7e426f1b34650e4c79c5829c216e') in 0.007664 seconds 
  Import took 0.033983 seconds .

========================================================================
Received Import Request.
  Time since last request: 93.661033 seconds.
  path: Assets/Scripts/Concretes/Inputs/DefaultAction.inputactions
  artifactKey: Guid(33799ffe9fed884429bfa69321f25799) Importer(815301076,1909f56bfc062723c751e8b465ee728b)
Start importing Assets/Scripts/Concretes/Inputs/DefaultAction.inputactions using Guid(33799ffe9fed884429bfa69321f25799) Importer(815301076,1909f56bfc062723c751e8b465ee728b)  -> (artifact id: '1840a81a98e333100078e9b04662b30f') in 0.005716 seconds 
  Import took 0.012621 seconds .

AssetImportWorkerClient::OnTransportError - code=2 error=End of file
